<?xml version="1.0" encoding="UTF-8"?>
<!-- Generated by org.testng.reporters.JUnitReportReporter -->
<testsuite skipped="0" hostname="DESKTOP-8AHTIUM" name="com.mycompany.app.HomePage" tests="2" failures="0" timestamp="18 May 2019 03:43:44 GMT" time="36.831" errors="0">
  <testcase name="basePageNavigation" time="18.204" classname="com.mycompany.app.HomePage"/>
  <testcase name="basePageNavigation" time="18.627" classname="com.mycompany.app.HomePage"/>
</testsuite> <!-- com.mycompany.app.HomePage -->
