<?xml version="1.0" encoding="UTF-8"?>
<!-- Generated by org.testng.reporters.JUnitReportReporter -->
<testsuite skipped="0" hostname="DESKTOP-8AHTIUM" name="com.mycompany.app.ValidateNavBar" tests="1" failures="0" timestamp="15 May 2019 00:46:11 GMT" time="0.111" errors="0">
  <testcase name="basePageNavigation" time="0.111" classname="com.mycompany.app.ValidateNavBar"/>
</testsuite> <!-- com.mycompany.app.ValidateNavBar -->
