<?xml version="1.0" encoding="UTF-8"?>
<!-- Generated by org.testng.reporters.JUnitReportReporter -->
<testsuite skipped="0" hostname="DESKTOP-8AHTIUM" name="com.mycompany.app.HomePage" tests="2" failures="0" timestamp="18 May 2019 14:35:00 GMT" time="39.084" errors="0">
  <testcase name="basePageNavigation" time="18.921" classname="com.mycompany.app.HomePage"/>
  <testcase name="basePageNavigation" time="20.163" classname="com.mycompany.app.HomePage"/>
</testsuite> <!-- com.mycompany.app.HomePage -->
