<?xml version="1.0" encoding="UTF-8"?>
<!-- Generated by org.testng.reporters.JUnitReportReporter -->
<testsuite skipped="0" hostname="DESKTOP-8AHTIUM" name="com.mycompany.app.AppTest" tests="1" failures="0" timestamp="18 May 2019 14:53:44 GMT" time="0.016" errors="0">
  <testcase name="testApp" time="0.016" classname="com.mycompany.app.AppTest"/>
</testsuite> <!-- com.mycompany.app.AppTest -->
