<?xml version="1.0" encoding="UTF-8"?>
<!-- Generated by org.testng.reporters.JUnitReportReporter -->
<testsuite skipped="0" hostname="DESKTOP-8AHTIUM" name="com.mycompany.app.HomePage" tests="2" failures="0" timestamp="18 May 2019 14:53:44 GMT" time="38.908" errors="0">
  <testcase name="basePageNavigation" time="21.240" classname="com.mycompany.app.HomePage"/>
  <testcase name="basePageNavigation" time="17.668" classname="com.mycompany.app.HomePage"/>
</testsuite> <!-- com.mycompany.app.HomePage -->
