<?xml version="1.0" encoding="UTF-8"?>
<!-- Generated by org.testng.reporters.JUnitReportReporter -->
<testsuite skipped="0" hostname="DESKTOP-8AHTIUM" name="com.mycompany.app.ValidateTitle" tests="1" failures="0" timestamp="22 May 2019 00:09:15 GMT" time="0.330" errors="0">
  <testcase name="basePageNavigation" time="0.330" classname="com.mycompany.app.ValidateTitle"/>
</testsuite> <!-- com.mycompany.app.ValidateTitle -->
