<?xml version="1.0" encoding="UTF-8"?>
<!-- Generated by org.testng.reporters.JUnitReportReporter -->
<testsuite skipped="0" hostname="DESKTOP-8AHTIUM" name="com.mycompany.app.ValidateTitle" tests="1" failures="0" timestamp="18 May 2019 14:53:44 GMT" time="0.125" errors="0">
  <testcase name="basePageNavigation" time="0.125" classname="com.mycompany.app.ValidateTitle"/>
</testsuite> <!-- com.mycompany.app.ValidateTitle -->
